<?xml version="1.0" encoding="UTF-8"?>
<!-- Generated by org.testng.reporters.JUnitReportReporter -->
<testsuite hostname="EC2AMAZ-S11DBRH" failures="1" tests="1" name="runners.rerunRunner" time="7.327" errors="0" timestamp="2024-05-07T04:28:10 GMT" skipped="0">
  <testcase classname="runners.rerunRunner" name="runScenario" time="7.327">
    <failure message="expected [Selenium Tutorial - Google Search] but found [Selenium Tutoria - Google Search]" type="java.lang.AssertionError">
      <![CDATA[java.lang.AssertionError: expected [Selenium Tutorial - Google Search] but found [Selenium Tutoria - Google Search]
at org.testng.Assert.fail(Assert.java:99)
at org.testng.Assert.failNotEquals(Assert.java:1037)
at org.testng.Assert.assertEqualsImpl(Assert.java:140)
at org.testng.Assert.assertEquals(Assert.java:122)
at org.testng.Assert.assertEquals(Assert.java:629)
at org.testng.Assert.assertEquals(Assert.java:639)
at stepDefs.GooglePageStepDef.should_display_selenium_tutorial_page(GooglePageStepDef.java:49)
at ✽.Should display Selenium Tutorial page(file:///C:/Users/Administrator/git/BDDSample/src/test/resources/features/GooglePageSearch.feature:11)
]]>
    </failure>
  </testcase> <!-- runScenario -->
  <system-out/>
</testsuite> <!-- runners.rerunRunner -->
